Creating an Expo project using the blank template.

- Locating project files.\ Locating project files.| Locating project files./ Locating project files.- Locating project files.\ Locating project files.| Locating project files./ Locating project files.- Locating project files.\ Locating project files.| Locating project files./ Locating project files.- Locating project files.\ Locating project files.| Locating project files./ Locating project files.- Locating project files.\ Locating project files.| Locating project files./ Locating project files.- Locating project files.\ Locating project files.| Locating project files./ Locating project files.- Locating project files.\ Locating project files.| Locating project files./ Locating project files.- Locating project files.\ Locating project files.| Locating project files./ Locating project files.- Locating project files.\ Locating project files.| Locating project files./ Locating project files.- Locating project files.\ Locating project files.| Locating project files./ Locating project files.- Locating project files.\ Locating project files.| Locating project files./ Locating project files.- Locating project files.\ Locating project files.| Locating project files./ Locating project files.- Locating project files.\ Locating project files.| Locating project files./ Locating project files.√ Downloaded and extracted project files.
> npm install
npm warn deprecated inflight@1.0.6: This module is not supported, and leaks memory. Do not use it. Check out lru-cache if you want a good and tested way to coalesce async requests by a key value, which is much more comprehensive and powerful.
npm warn deprecated rimraf@3.0.2: Rimraf versions prior to v4 are no longer supported
npm warn deprecated glob@7.2.3: Old versions of glob are not supported, and contain widely publicized security vulnerabilities, which have been fixed in the current version. Please update. Support for old versions may be purchased (at exorbitant rates) by contacting i@izs.me
npm warn deprecated glob@7.2.3: Old versions of glob are not supported, and contain widely publicized security vulnerabilities, which have been fixed in the current version. Please update. Support for old versions may be purchased (at exorbitant rates) by contacting i@izs.me
npm warn deprecated glob@7.2.3: Old versions of glob are not supported, and contain widely publicized security vulnerabilities, which have been fixed in the current version. Please update. Support for old versions may be purchased (at exorbitant rates) by contacting i@izs.me
npm warn deprecated glob@7.2.3: Old versions of glob are not supported, and contain widely publicized security vulnerabilities, which have been fixed in the current version. Please update. Support for old versions may be purchased (at exorbitant rates) by contacting i@izs.me

added 549 packages, and audited 550 packages in 4m

43 packages are looking for funding
  run `npm fund` for details

found 0 vulnerabilities

✅ Your project is ready!

To run your project, navigate to the directory and run one of the following npm commands.

- cd frontend
- npm run android
- npm run ios # you need to use macOS to build the iOS project - use the Expo app if you need to do iOS development without a Mac
- npm run web
npm notice
npm notice New minor version of npm available! 11.6.2 -> 11.11.0
npm notice Changelog: https://github.com/npm/cli/releases/tag/v11.11.0
npm notice To update run: npm install -g npm@11.11.0
npm notice
