Collecting fastapi (from -r requirements.txt (line 1))
  Downloading fastapi-0.135.1-py3-none-any.whl.metadata (30 kB)
Collecting uvicorn (from -r requirements.txt (line 2))
  Downloading uvicorn-0.41.0-py3-none-any.whl.metadata (6.7 kB)
Collecting pymongo (from -r requirements.txt (line 3))
  Downloading pymongo-4.16.0-cp312-cp312-win_amd64.whl.metadata (10.0 kB)
Collecting pydantic (from -r requirements.txt (line 4))
  Using cached pydantic-2.12.5-py3-none-any.whl.metadata (90 kB)
Collecting starlette>=0.46.0 (from fastapi->-r requirements.txt (line 1))
  Downloading starlette-0.52.1-py3-none-any.whl.metadata (6.3 kB)
Collecting typing-extensions>=4.8.0 (from fastapi->-r requirements.txt (line 1))
  Using cached typing_extensions-4.15.0-py3-none-any.whl.metadata (3.3 kB)
Collecting typing-inspection>=0.4.2 (from fastapi->-r requirements.txt (line 1))
  Using cached typing_inspection-0.4.2-py3-none-any.whl.metadata (2.6 kB)
Collecting annotated-doc>=0.0.2 (from fastapi->-r requirements.txt (line 1))
  Downloading annotated_doc-0.0.4-py3-none-any.whl.metadata (6.6 kB)
Collecting click>=7.0 (from uvicorn->-r requirements.txt (line 2))
  Using cached click-8.3.1-py3-none-any.whl.metadata (2.6 kB)
Collecting h11>=0.8 (from uvicorn->-r requirements.txt (line 2))
  Using cached h11-0.16.0-py3-none-any.whl.metadata (8.3 kB)
Collecting dnspython<3.0.0,>=2.6.1 (from pymongo->-r requirements.txt (line 3))
  Downloading dnspython-2.8.0-py3-none-any.whl.metadata (5.7 kB)
Collecting annotated-types>=0.6.0 (from pydantic->-r requirements.txt (line 4))
  Using cached annotated_types-0.7.0-py3-none-any.whl.metadata (15 kB)
Collecting pydantic-core==2.41.5 (from pydantic->-r requirements.txt (line 4))
  Using cached pydantic_core-2.41.5-cp312-cp312-win_amd64.whl.metadata (7.4 kB)
Collecting colorama (from click>=7.0->uvicorn->-r requirements.txt (line 2))
  Using cached colorama-0.4.6-py2.py3-none-any.whl.metadata (17 kB)
Collecting anyio<5,>=3.6.2 (from starlette>=0.46.0->fastapi->-r requirements.txt (line 1))
  Downloading anyio-4.12.1-py3-none-any.whl.metadata (4.3 kB)
Collecting idna>=2.8 (from anyio<5,>=3.6.2->starlette>=0.46.0->fastapi->-r requirements.txt (line 1))
  Using cached idna-3.11-py3-none-any.whl.metadata (8.4 kB)
Downloading fastapi-0.135.1-py3-none-any.whl (116 kB)
Downloading uvicorn-0.41.0-py3-none-any.whl (68 kB)
Downloading pymongo-4.16.0-cp312-cp312-win_amd64.whl (907 kB)
   ---------------------------------------- 907.6/907.6 kB 1.8 MB/s eta 0:00:00
Using cached pydantic-2.12.5-py3-none-any.whl (463 kB)
Using cached pydantic_core-2.41.5-cp312-cp312-win_amd64.whl (2.0 MB)
Downloading annotated_doc-0.0.4-py3-none-any.whl (5.3 kB)
Using cached annotated_types-0.7.0-py3-none-any.whl (13 kB)
Using cached click-8.3.1-py3-none-any.whl (108 kB)
Downloading dnspython-2.8.0-py3-none-any.whl (331 kB)
Using cached h11-0.16.0-py3-none-any.whl (37 kB)
Downloading starlette-0.52.1-py3-none-any.whl (74 kB)
Using cached typing_extensions-4.15.0-py3-none-any.whl (44 kB)
Using cached typing_inspection-0.4.2-py3-none-any.whl (14 kB)
Downloading anyio-4.12.1-py3-none-any.whl (113 kB)
Using cached colorama-0.4.6-py2.py3-none-any.whl (25 kB)
Using cached idna-3.11-py3-none-any.whl (71 kB)
Installing collected packages: typing-extensions, idna, h11, dnspython, colorama, annotated-types, annotated-doc, typing-inspection, pymongo, pydantic-core, click, anyio, uvicorn, starlette, pydantic, fastapi
Successfully installed annotated-doc-0.0.4 annotated-types-0.7.0 anyio-4.12.1 click-8.3.1 colorama-0.4.6 dnspython-2.8.0 fastapi-0.135.1 h11-0.16.0 idna-3.11 pydantic-2.12.5 pydantic-core-2.41.5 pymongo-4.16.0 starlette-0.52.1 typing-extensions-4.15.0 typing-inspection-0.4.2 uvicorn-0.41.0

[notice] A new release of pip is available: 25.0.1 -> 26.0.1
[notice] To update, run: python.exe -m pip install --upgrade pip
